2017-09-25 18:25:12,836 INFO org.apache.hadoop.hdfs.server.namenode.NameNode: STARTUP_MSG: 
/************************************************************
STARTUP_MSG: Starting NameNode
STARTUP_MSG:   user = DarkRobo
STARTUP_MSG:   host = dark-robos-mbp.kc.umkc.edu/10.111.1.74
STARTUP_MSG:   args = []
STARTUP_MSG:   version = 2.8.1
STARTUP_MSG:   classpath = /Users/DarkRobo/hadoop-2.8.1/etc/hadoop:/Users/DarkRobo/hadoop-2.8.1/share/hadoop/common/lib/activation-1.1.jar:/Users/DarkRobo/hadoop-2.8.1/share/hadoop/common/lib/apacheds-i18n-2.0.0-M15.jar:/Users/DarkRobo/hadoop-2.8.1/share/hadoop/common/lib/apacheds-kerberos-codec-2.0.0-M15.jar:/Users/DarkRobo/hadoop-2.8.1/share/hadoop/common/lib/api-asn1-api-1.0.0-M20.jar:/Users/DarkRobo/hadoop-2.8.1/share/hadoop/common/lib/api-util-1.0.0-M20.jar:/Users/DarkRobo/hadoop-2.8.1/share/hadoop/common/lib/asm-3.2.jar:/Users/DarkRobo/hadoop-2.8.1/share/hadoop/common/lib/avro-1.7.4.jar:/Users/DarkRobo/hadoop-2.8.1/share/hadoop/common/lib/commons-beanutils-1.7.0.jar:/Users/DarkRobo/hadoop-2.8.1/share/hadoop/common/lib/commons-beanutils-core-1.8.0.jar:/Users/DarkRobo/hadoop-2.8.1/share/hadoop/common/lib/commons-cli-1.2.jar:/Users/DarkRobo/hadoop-2.8.1/share/hadoop/common/lib/commons-codec-1.4.jar:/Users/DarkRobo/hadoop-2.8.1/share/hadoop/common/lib/commons-collections-3.2.2.jar:/Users/DarkRobo/hadoop-2.8.1/share/hadoop/common/lib/commons-compress-1.4.1.jar:/Users/DarkRobo/hadoop-2.8.1/share/hadoop/common/lib/commons-configuration-1.6.jar:/Users/DarkRobo/hadoop-2.8.1/share/hadoop/common/lib/commons-digester-1.8.jar:/Users/DarkRobo/hadoop-2.8.1/share/hadoop/common/lib/commons-io-2.4.jar:/Users/DarkRobo/hadoop-2.8.1/share/hadoop/common/lib/commons-lang-2.6.jar:/Users/DarkRobo/hadoop-2.8.1/share/hadoop/common/lib/commons-logging-1.1.3.jar:/Users/DarkRobo/hadoop-2.8.1/share/hadoop/common/lib/commons-math3-3.1.1.jar:/Users/DarkRobo/hadoop-2.8.1/share/hadoop/common/lib/commons-net-3.1.jar:/Users/DarkRobo/hadoop-2.8.1/share/hadoop/common/lib/curator-client-2.7.1.jar:/Users/DarkRobo/hadoop-2.8.1/share/hadoop/common/lib/curator-framework-2.7.1.jar:/Users/DarkRobo/hadoop-2.8.1/share/hadoop/common/lib/curator-recipes-2.7.1.jar:/Users/DarkRobo/hadoop-2.8.1/share/hadoop/common/lib/gson-2.2.4.jar:/Users/DarkRobo/hadoop-2.8.1/share/hadoop/common/lib/guava-11.0.2.jar:/Users/DarkRobo/hadoop-2.8.1/share/hadoop/common/lib/hadoop-annotations-2.8.1.jar:/Users/DarkRobo/hadoop-2.8.1/share/hadoop/common/lib/hadoop-auth-2.8.1.jar:/Users/DarkRobo/hadoop-2.8.1/share/hadoop/common/lib/hamcrest-core-1.3.jar:/Users/DarkRobo/hadoop-2.8.1/share/hadoop/common/lib/htrace-core4-4.0.1-incubating.jar:/Users/DarkRobo/hadoop-2.8.1/share/hadoop/common/lib/httpclient-4.5.2.jar:/Users/DarkRobo/hadoop-2.8.1/share/hadoop/common/lib/httpcore-4.4.4.jar:/Users/DarkRobo/hadoop-2.8.1/share/hadoop/common/lib/jackson-core-asl-1.9.13.jar:/Users/DarkRobo/hadoop-2.8.1/share/hadoop/common/lib/jackson-jaxrs-1.9.13.jar:/Users/DarkRobo/hadoop-2.8.1/share/hadoop/common/lib/jackson-mapper-asl-1.9.13.jar:/Users/DarkRobo/hadoop-2.8.1/share/hadoop/common/lib/jackson-xc-1.9.13.jar:/Users/DarkRobo/hadoop-2.8.1/share/hadoop/common/lib/java-xmlbuilder-0.4.jar:/Users/DarkRobo/hadoop-2.8.1/share/hadoop/common/lib/jaxb-api-2.2.2.jar:/Users/DarkRobo/hadoop-2.8.1/share/hadoop/common/lib/jaxb-impl-2.2.3-1.jar:/Users/DarkRobo/hadoop-2.8.1/share/hadoop/common/lib/jcip-annotations-1.0.jar:/Users/DarkRobo/hadoop-2.8.1/share/hadoop/common/lib/jersey-core-1.9.jar:/Users/DarkRobo/hadoop-2.8.1/share/hadoop/common/lib/jersey-json-1.9.jar:/Users/DarkRobo/hadoop-2.8.1/share/hadoop/common/lib/jersey-server-1.9.jar:/Users/DarkRobo/hadoop-2.8.1/share/hadoop/common/lib/jets3t-0.9.0.jar:/Users/DarkRobo/hadoop-2.8.1/share/hadoop/common/lib/jettison-1.1.jar:/Users/DarkRobo/hadoop-2.8.1/share/hadoop/common/lib/jetty-6.1.26.jar:/Users/DarkRobo/hadoop-2.8.1/share/hadoop/common/lib/jetty-sslengine-6.1.26.jar:/Users/DarkRobo/hadoop-2.8.1/share/hadoop/common/lib/jetty-util-6.1.26.jar:/Users/DarkRobo/hadoop-2.8.1/share/hadoop/common/lib/jsch-0.1.51.jar:/Users/DarkRobo/hadoop-2.8.1/share/hadoop/common/lib/json-smart-1.1.1.jar:/Users/DarkRobo/hadoop-2.8.1/share/hadoop/common/lib/jsp-api-2.1.jar:/Users/DarkRobo/hadoop-2.8.1/share/hadoop/common/lib/jsr305-3.0.0.jar:/Users/DarkRobo/hadoop-2.8.1/share/hadoop/common/lib/junit-4.11.jar:/Users/DarkRobo/hadoop-2.8.1/share/hadoop/common/lib/log4j-1.2.17.jar:/Users/DarkRobo/hadoop-2.8.1/share/hadoop/common/lib/mockito-all-1.8.5.jar:/Users/DarkRobo/hadoop-2.8.1/share/hadoop/common/lib/netty-3.6.2.Final.jar:/Users/DarkRobo/hadoop-2.8.1/share/hadoop/common/lib/nimbus-jose-jwt-3.9.jar:/Users/DarkRobo/hadoop-2.8.1/share/hadoop/common/lib/paranamer-2.3.jar:/Users/DarkRobo/hadoop-2.8.1/share/hadoop/common/lib/protobuf-java-2.5.0.jar:/Users/DarkRobo/hadoop-2.8.1/share/hadoop/common/lib/servlet-api-2.5.jar:/Users/DarkRobo/hadoop-2.8.1/share/hadoop/common/lib/slf4j-api-1.7.10.jar:/Users/DarkRobo/hadoop-2.8.1/share/hadoop/common/lib/slf4j-log4j12-1.7.10.jar:/Users/DarkRobo/hadoop-2.8.1/share/hadoop/common/lib/snappy-java-1.0.4.1.jar:/Users/DarkRobo/hadoop-2.8.1/share/hadoop/common/lib/stax-api-1.0-2.jar:/Users/DarkRobo/hadoop-2.8.1/share/hadoop/common/lib/xmlenc-0.52.jar:/Users/DarkRobo/hadoop-2.8.1/share/hadoop/common/lib/xz-1.0.jar:/Users/DarkRobo/hadoop-2.8.1/share/hadoop/common/lib/zookeeper-3.4.6.jar:/Users/DarkRobo/hadoop-2.8.1/share/hadoop/common/hadoop-common-2.8.1-tests.jar:/Users/DarkRobo/hadoop-2.8.1/share/hadoop/common/hadoop-common-2.8.1.jar:/Users/DarkRobo/hadoop-2.8.1/share/hadoop/common/hadoop-nfs-2.8.1.jar:/Users/DarkRobo/hadoop-2.8.1/share/hadoop/hdfs:/Users/DarkRobo/hadoop-2.8.1/share/hadoop/hdfs/lib/asm-3.2.jar:/Users/DarkRobo/hadoop-2.8.1/share/hadoop/hdfs/lib/commons-cli-1.2.jar:/Users/DarkRobo/hadoop-2.8.1/share/hadoop/hdfs/lib/commons-codec-1.4.jar:/Users/DarkRobo/hadoop-2.8.1/share/hadoop/hdfs/lib/commons-daemon-1.0.13.jar:/Users/DarkRobo/hadoop-2.8.1/share/hadoop/hdfs/lib/commons-io-2.4.jar:/Users/DarkRobo/hadoop-2.8.1/share/hadoop/hdfs/lib/commons-lang-2.6.jar:/Users/DarkRobo/hadoop-2.8.1/share/hadoop/hdfs/lib/commons-logging-1.1.3.jar:/Users/DarkRobo/hadoop-2.8.1/share/hadoop/hdfs/lib/guava-11.0.2.jar:/Users/DarkRobo/hadoop-2.8.1/share/hadoop/hdfs/lib/hadoop-hdfs-client-2.8.1.jar:/Users/DarkRobo/hadoop-2.8.1/share/hadoop/hdfs/lib/htrace-core4-4.0.1-incubating.jar:/Users/DarkRobo/hadoop-2.8.1/share/hadoop/hdfs/lib/jackson-core-asl-1.9.13.jar:/Users/DarkRobo/hadoop-2.8.1/share/hadoop/hdfs/lib/jackson-mapper-asl-1.9.13.jar:/Users/DarkRobo/hadoop-2.8.1/share/hadoop/hdfs/lib/jersey-core-1.9.jar:/Users/DarkRobo/hadoop-2.8.1/share/hadoop/hdfs/lib/jersey-server-1.9.jar:/Users/DarkRobo/hadoop-2.8.1/share/hadoop/hdfs/lib/jetty-6.1.26.jar:/Users/DarkRobo/hadoop-2.8.1/share/hadoop/hdfs/lib/jetty-util-6.1.26.jar:/Users/DarkRobo/hadoop-2.8.1/share/hadoop/hdfs/lib/jsr305-3.0.0.jar:/Users/DarkRobo/hadoop-2.8.1/share/hadoop/hdfs/lib/leveldbjni-all-1.8.jar:/Users/DarkRobo/hadoop-2.8.1/share/hadoop/hdfs/lib/log4j-1.2.17.jar:/Users/DarkRobo/hadoop-2.8.1/share/hadoop/hdfs/lib/netty-3.6.2.Final.jar:/Users/DarkRobo/hadoop-2.8.1/share/hadoop/hdfs/lib/netty-all-4.0.23.Final.jar:/Users/DarkRobo/hadoop-2.8.1/share/hadoop/hdfs/lib/okhttp-2.4.0.jar:/Users/DarkRobo/hadoop-2.8.1/share/hadoop/hdfs/lib/okio-1.4.0.jar:/Users/DarkRobo/hadoop-2.8.1/share/hadoop/hdfs/lib/protobuf-java-2.5.0.jar:/Users/DarkRobo/hadoop-2.8.1/share/hadoop/hdfs/lib/servlet-api-2.5.jar:/Users/DarkRobo/hadoop-2.8.1/share/hadoop/hdfs/lib/xercesImpl-2.9.1.jar:/Users/DarkRobo/hadoop-2.8.1/share/hadoop/hdfs/lib/xml-apis-1.3.04.jar:/Users/DarkRobo/hadoop-2.8.1/share/hadoop/hdfs/lib/xmlenc-0.52.jar:/Users/DarkRobo/hadoop-2.8.1/share/hadoop/hdfs/hadoop-hdfs-2.8.1-tests.jar:/Users/DarkRobo/hadoop-2.8.1/share/hadoop/hdfs/hadoop-hdfs-2.8.1.jar:/Users/DarkRobo/hadoop-2.8.1/share/hadoop/hdfs/hadoop-hdfs-client-2.8.1-tests.jar:/Users/DarkRobo/hadoop-2.8.1/share/hadoop/hdfs/hadoop-hdfs-client-2.8.1.jar:/Users/DarkRobo/hadoop-2.8.1/share/hadoop/hdfs/hadoop-hdfs-native-client-2.8.1-tests.jar:/Users/DarkRobo/hadoop-2.8.1/share/hadoop/hdfs/hadoop-hdfs-native-client-2.8.1.jar:/Users/DarkRobo/hadoop-2.8.1/share/hadoop/hdfs/hadoop-hdfs-nfs-2.8.1.jar:/Users/DarkRobo/hadoop-2.8.1/share/hadoop/yarn/lib/activation-1.1.jar:/Users/DarkRobo/hadoop-2.8.1/share/hadoop/yarn/lib/aopalliance-1.0.jar:/Users/DarkRobo/hadoop-2.8.1/share/hadoop/yarn/lib/asm-3.2.jar:/Users/DarkRobo/hadoop-2.8.1/share/hadoop/yarn/lib/commons-cli-1.2.jar:/Users/DarkRobo/hadoop-2.8.1/share/hadoop/yarn/lib/commons-codec-1.4.jar:/Users/DarkRobo/hadoop-2.8.1/share/hadoop/yarn/lib/commons-collections-3.2.2.jar:/Users/DarkRobo/hadoop-2.8.1/share/hadoop/yarn/lib/commons-compress-1.4.1.jar:/Users/DarkRobo/hadoop-2.8.1/share/hadoop/yarn/lib/commons-io-2.4.jar:/Users/DarkRobo/hadoop-2.8.1/share/hadoop/yarn/lib/commons-lang-2.6.jar:/Users/DarkRobo/hadoop-2.8.1/share/hadoop/yarn/lib/commons-logging-1.1.3.jar:/Users/DarkRobo/hadoop-2.8.1/share/hadoop/yarn/lib/commons-math-2.2.jar:/Users/DarkRobo/hadoop-2.8.1/share/hadoop/yarn/lib/curator-client-2.7.1.jar:/Users/DarkRobo/hadoop-2.8.1/share/hadoop/yarn/lib/curator-test-2.7.1.jar:/Users/DarkRobo/hadoop-2.8.1/share/hadoop/yarn/lib/fst-2.24.jar:/Users/DarkRobo/hadoop-2.8.1/share/hadoop/yarn/lib/guava-11.0.2.jar:/Users/DarkRobo/hadoop-2.8.1/share/hadoop/yarn/lib/guice-3.0.jar:/Users/DarkRobo/hadoop-2.8.1/share/hadoop/yarn/lib/guice-servlet-3.0.jar:/Users/DarkRobo/hadoop-2.8.1/share/hadoop/yarn/lib/jackson-core-asl-1.9.13.jar:/Users/DarkRobo/hadoop-2.8.1/share/hadoop/yarn/lib/jackson-jaxrs-1.9.13.jar:/Users/DarkRobo/hadoop-2.8.1/share/hadoop/yarn/lib/jackson-mapper-asl-1.9.13.jar:/Users/DarkRobo/hadoop-2.8.1/share/hadoop/yarn/lib/jackson-xc-1.9.13.jar:/Users/DarkRobo/hadoop-2.8.1/share/hadoop/yarn/lib/javassist-3.18.1-GA.jar:/Users/DarkRobo/hadoop-2.8.1/share/hadoop/yarn/lib/javax.inject-1.jar:/Users/DarkRobo/hadoop-2.8.1/share/hadoop/yarn/lib/jaxb-api-2.2.2.jar:/Users/DarkRobo/hadoop-2.8.1/share/hadoop/yarn/lib/jaxb-impl-2.2.3-1.jar:/Users/DarkRobo/hadoop-2.8.1/share/hadoop/yarn/lib/jersey-client-1.9.jar:/Users/DarkRobo/hadoop-2.8.1/share/hadoop/yarn/lib/jersey-core-1.9.jar:/Users/DarkRobo/hadoop-2.8.1/share/hadoop/yarn/lib/jersey-guice-1.9.jar:/Users/DarkRobo/hadoop-2.8.1/share/hadoop/yarn/lib/jersey-json-1.9.jar:/Users/DarkRobo/hadoop-2.8.1/share/hadoop/yarn/lib/jersey-server-1.9.jar:/Users/DarkRobo/hadoop-2.8.1/share/hadoop/yarn/lib/jettison-1.1.jar:/Users/DarkRobo/hadoop-2.8.1/share/hadoop/yarn/lib/jetty-6.1.26.jar:/Users/DarkRobo/hadoop-2.8.1/share/hadoop/yarn/lib/jetty-util-6.1.26.jar:/Users/DarkRobo/hadoop-2.8.1/share/hadoop/yarn/lib/jsr305-3.0.0.jar:/Users/DarkRobo/hadoop-2.8.1/share/hadoop/yarn/lib/leveldbjni-all-1.8.jar:/Users/DarkRobo/hadoop-2.8.1/share/hadoop/yarn/lib/log4j-1.2.17.jar:/Users/DarkRobo/hadoop-2.8.1/share/hadoop/yarn/lib/netty-3.6.2.Final.jar:/Users/DarkRobo/hadoop-2.8.1/share/hadoop/yarn/lib/objenesis-2.1.jar:/Users/DarkRobo/hadoop-2.8.1/share/hadoop/yarn/lib/protobuf-java-2.5.0.jar:/Users/DarkRobo/hadoop-2.8.1/share/hadoop/yarn/lib/servlet-api-2.5.jar:/Users/DarkRobo/hadoop-2.8.1/share/hadoop/yarn/lib/stax-api-1.0-2.jar:/Users/DarkRobo/hadoop-2.8.1/share/hadoop/yarn/lib/xz-1.0.jar:/Users/DarkRobo/hadoop-2.8.1/share/hadoop/yarn/lib/zookeeper-3.4.6-tests.jar:/Users/DarkRobo/hadoop-2.8.1/share/hadoop/yarn/lib/zookeeper-3.4.6.jar:/Users/DarkRobo/hadoop-2.8.1/share/hadoop/yarn/hadoop-yarn-api-2.8.1.jar:/Users/DarkRobo/hadoop-2.8.1/share/hadoop/yarn/hadoop-yarn-applications-distributedshell-2.8.1.jar:/Users/DarkRobo/hadoop-2.8.1/share/hadoop/yarn/hadoop-yarn-applications-unmanaged-am-launcher-2.8.1.jar:/Users/DarkRobo/hadoop-2.8.1/share/hadoop/yarn/hadoop-yarn-client-2.8.1.jar:/Users/DarkRobo/hadoop-2.8.1/share/hadoop/yarn/hadoop-yarn-common-2.8.1.jar:/Users/DarkRobo/hadoop-2.8.1/share/hadoop/yarn/hadoop-yarn-registry-2.8.1.jar:/Users/DarkRobo/hadoop-2.8.1/share/hadoop/yarn/hadoop-yarn-server-applicationhistoryservice-2.8.1.jar:/Users/DarkRobo/hadoop-2.8.1/share/hadoop/yarn/hadoop-yarn-server-common-2.8.1.jar:/Users/DarkRobo/hadoop-2.8.1/share/hadoop/yarn/hadoop-yarn-server-nodemanager-2.8.1.jar:/Users/DarkRobo/hadoop-2.8.1/share/hadoop/yarn/hadoop-yarn-server-resourcemanager-2.8.1.jar:/Users/DarkRobo/hadoop-2.8.1/share/hadoop/yarn/hadoop-yarn-server-sharedcachemanager-2.8.1.jar:/Users/DarkRobo/hadoop-2.8.1/share/hadoop/yarn/hadoop-yarn-server-tests-2.8.1.jar:/Users/DarkRobo/hadoop-2.8.1/share/hadoop/yarn/hadoop-yarn-server-timeline-pluginstorage-2.8.1.jar:/Users/DarkRobo/hadoop-2.8.1/share/hadoop/yarn/hadoop-yarn-server-web-proxy-2.8.1.jar:/Users/DarkRobo/hadoop-2.8.1/share/hadoop/mapreduce/lib/aopalliance-1.0.jar:/Users/DarkRobo/hadoop-2.8.1/share/hadoop/mapreduce/lib/asm-3.2.jar:/Users/DarkRobo/hadoop-2.8.1/share/hadoop/mapreduce/lib/avro-1.7.4.jar:/Users/DarkRobo/hadoop-2.8.1/share/hadoop/mapreduce/lib/commons-compress-1.4.1.jar:/Users/DarkRobo/hadoop-2.8.1/share/hadoop/mapreduce/lib/commons-io-2.4.jar:/Users/DarkRobo/hadoop-2.8.1/share/hadoop/mapreduce/lib/guice-3.0.jar:/Users/DarkRobo/hadoop-2.8.1/share/hadoop/mapreduce/lib/guice-servlet-3.0.jar:/Users/DarkRobo/hadoop-2.8.1/share/hadoop/mapreduce/lib/hadoop-annotations-2.8.1.jar:/Users/DarkRobo/hadoop-2.8.1/share/hadoop/mapreduce/lib/hamcrest-core-1.3.jar:/Users/DarkRobo/hadoop-2.8.1/share/hadoop/mapreduce/lib/jackson-core-asl-1.9.13.jar:/Users/DarkRobo/hadoop-2.8.1/share/hadoop/mapreduce/lib/jackson-mapper-asl-1.9.13.jar:/Users/DarkRobo/hadoop-2.8.1/share/hadoop/mapreduce/lib/javax.inject-1.jar:/Users/DarkRobo/hadoop-2.8.1/share/hadoop/mapreduce/lib/jersey-core-1.9.jar:/Users/DarkRobo/hadoop-2.8.1/share/hadoop/mapreduce/lib/jersey-guice-1.9.jar:/Users/DarkRobo/hadoop-2.8.1/share/hadoop/mapreduce/lib/jersey-server-1.9.jar:/Users/DarkRobo/hadoop-2.8.1/share/hadoop/mapreduce/lib/junit-4.11.jar:/Users/DarkRobo/hadoop-2.8.1/share/hadoop/mapreduce/lib/leveldbjni-all-1.8.jar:/Users/DarkRobo/hadoop-2.8.1/share/hadoop/mapreduce/lib/log4j-1.2.17.jar:/Users/DarkRobo/hadoop-2.8.1/share/hadoop/mapreduce/lib/netty-3.6.2.Final.jar:/Users/DarkRobo/hadoop-2.8.1/share/hadoop/mapreduce/lib/paranamer-2.3.jar:/Users/DarkRobo/hadoop-2.8.1/share/hadoop/mapreduce/lib/protobuf-java-2.5.0.jar:/Users/DarkRobo/hadoop-2.8.1/share/hadoop/mapreduce/lib/snappy-java-1.0.4.1.jar:/Users/DarkRobo/hadoop-2.8.1/share/hadoop/mapreduce/lib/xz-1.0.jar:/Users/DarkRobo/hadoop-2.8.1/share/hadoop/mapreduce/hadoop-mapreduce-client-app-2.8.1.jar:/Users/DarkRobo/hadoop-2.8.1/share/hadoop/mapreduce/hadoop-mapreduce-client-common-2.8.1.jar:/Users/DarkRobo/hadoop-2.8.1/share/hadoop/mapreduce/hadoop-mapreduce-client-core-2.8.1.jar:/Users/DarkRobo/hadoop-2.8.1/share/hadoop/mapreduce/hadoop-mapreduce-client-hs-2.8.1.jar:/Users/DarkRobo/hadoop-2.8.1/share/hadoop/mapreduce/hadoop-mapreduce-client-hs-plugins-2.8.1.jar:/Users/DarkRobo/hadoop-2.8.1/share/hadoop/mapreduce/hadoop-mapreduce-client-jobclient-2.8.1-tests.jar:/Users/DarkRobo/hadoop-2.8.1/share/hadoop/mapreduce/hadoop-mapreduce-client-jobclient-2.8.1.jar:/Users/DarkRobo/hadoop-2.8.1/share/hadoop/mapreduce/hadoop-mapreduce-client-shuffle-2.8.1.jar:/Users/DarkRobo/hadoop-2.8.1/share/hadoop/mapreduce/hadoop-mapreduce-examples-2.8.1.jar:/contrib/capacity-scheduler/*.jar:/contrib/capacity-scheduler/*.jar:/contrib/capacity-scheduler/*.jar
STARTUP_MSG:   build = https://git-wip-us.apache.org/repos/asf/hadoop.git -r 20fe5304904fc2f5a18053c389e43cd26f7a70fe; compiled by 'vinodkv' on 2017-06-02T06:14Z
STARTUP_MSG:   java = 1.8.0_144
************************************************************/
2017-09-25 18:25:12,866 INFO org.apache.hadoop.hdfs.server.namenode.NameNode: registered UNIX signal handlers for [TERM, HUP, INT]
2017-09-25 18:25:12,912 INFO org.apache.hadoop.hdfs.server.namenode.NameNode: createNameNode []
2017-09-25 18:25:13,515 INFO org.apache.hadoop.metrics2.impl.MetricsConfig: loaded properties from hadoop-metrics2.properties
2017-09-25 18:25:14,034 INFO org.apache.hadoop.metrics2.impl.MetricsSystemImpl: Scheduled Metric snapshot period at 10 second(s).
2017-09-25 18:25:14,034 INFO org.apache.hadoop.metrics2.impl.MetricsSystemImpl: NameNode metrics system started
2017-09-25 18:25:14,149 INFO org.apache.hadoop.hdfs.server.namenode.NameNode: fs.defaultFS is hdfs://localhost:9000
2017-09-25 18:25:14,154 INFO org.apache.hadoop.hdfs.server.namenode.NameNode: Clients are to use localhost:9000 to access this namenode/service.
2017-09-25 18:25:14,402 WARN org.apache.hadoop.util.NativeCodeLoader: Unable to load native-hadoop library for your platform... using builtin-java classes where applicable
2017-09-25 18:25:14,601 INFO org.apache.hadoop.util.JvmPauseMonitor: Starting JVM pause monitor
2017-09-25 18:25:14,681 INFO org.apache.hadoop.hdfs.DFSUtil: Starting Web-server for hdfs at: http://0.0.0.0:50070
2017-09-25 18:25:14,823 INFO org.mortbay.log: Logging to org.slf4j.impl.Log4jLoggerAdapter(org.mortbay.log) via org.mortbay.log.Slf4jLog
2017-09-25 18:25:14,837 INFO org.apache.hadoop.security.authentication.server.AuthenticationFilter: Unable to initialize FileSignerSecretProvider, falling back to use random secrets.
2017-09-25 18:25:14,909 INFO org.apache.hadoop.http.HttpRequestLog: Http request log for http.requests.namenode is not defined
2017-09-25 18:25:14,929 INFO org.apache.hadoop.http.HttpServer2: Added global filter 'safety' (class=org.apache.hadoop.http.HttpServer2$QuotingInputFilter)
2017-09-25 18:25:14,932 INFO org.apache.hadoop.http.HttpServer2: Added filter static_user_filter (class=org.apache.hadoop.http.lib.StaticUserWebFilter$StaticUserFilter) to context hdfs
2017-09-25 18:25:14,933 INFO org.apache.hadoop.http.HttpServer2: Added filter static_user_filter (class=org.apache.hadoop.http.lib.StaticUserWebFilter$StaticUserFilter) to context logs
2017-09-25 18:25:14,933 INFO org.apache.hadoop.http.HttpServer2: Added filter static_user_filter (class=org.apache.hadoop.http.lib.StaticUserWebFilter$StaticUserFilter) to context static
2017-09-25 18:25:15,294 INFO org.apache.hadoop.http.HttpServer2: Added filter 'org.apache.hadoop.hdfs.web.AuthFilter' (class=org.apache.hadoop.hdfs.web.AuthFilter)
2017-09-25 18:25:15,303 INFO org.apache.hadoop.http.HttpServer2: addJerseyResourcePackage: packageName=org.apache.hadoop.hdfs.server.namenode.web.resources;org.apache.hadoop.hdfs.web.resources, pathSpec=/webhdfs/v1/*
2017-09-25 18:25:15,423 INFO org.apache.hadoop.http.HttpServer2: Jetty bound to port 50070
2017-09-25 18:25:15,423 INFO org.mortbay.log: jetty-6.1.26
2017-09-25 18:25:16,200 INFO org.mortbay.log: Started HttpServer2$SelectChannelConnectorWithSafeStartup@0.0.0.0:50070
2017-09-25 18:25:16,651 WARN org.apache.hadoop.hdfs.server.common.Util: Path /Users/DarkRobo/hadoop-2.8.1/data/namenode should be specified as a URI in configuration files. Please update hdfs configuration.
2017-09-25 18:25:16,653 WARN org.apache.hadoop.hdfs.server.common.Util: Path /Users/DarkRobo/hadoop-2.8.1/data/namenode should be specified as a URI in configuration files. Please update hdfs configuration.
2017-09-25 18:25:16,653 WARN org.apache.hadoop.hdfs.server.namenode.FSNamesystem: Only one image storage directory (dfs.namenode.name.dir) configured. Beware of data loss due to lack of redundant storage directories!
2017-09-25 18:25:16,653 WARN org.apache.hadoop.hdfs.server.namenode.FSNamesystem: Only one namespace edits storage directory (dfs.namenode.edits.dir) configured. Beware of data loss due to lack of redundant storage directories!
2017-09-25 18:25:16,706 WARN org.apache.hadoop.hdfs.server.common.Util: Path /Users/DarkRobo/hadoop-2.8.1/data/namenode should be specified as a URI in configuration files. Please update hdfs configuration.
2017-09-25 18:25:16,706 WARN org.apache.hadoop.hdfs.server.common.Util: Path /Users/DarkRobo/hadoop-2.8.1/data/namenode should be specified as a URI in configuration files. Please update hdfs configuration.
2017-09-25 18:25:17,319 INFO org.apache.hadoop.hdfs.server.namenode.FSEditLog: Edit logging is async:false
2017-09-25 18:25:17,501 INFO org.apache.hadoop.hdfs.server.namenode.FSNamesystem: KeyProvider: null
2017-09-25 18:25:17,503 INFO org.apache.hadoop.hdfs.server.namenode.FSNamesystem: fsLock is fair: true
2017-09-25 18:25:17,509 INFO org.apache.hadoop.hdfs.server.namenode.FSNamesystem: Detailed lock hold time metrics enabled: false
2017-09-25 18:25:17,725 INFO org.apache.hadoop.hdfs.server.blockmanagement.DatanodeManager: dfs.block.invalidate.limit=1000
2017-09-25 18:25:17,726 INFO org.apache.hadoop.hdfs.server.blockmanagement.DatanodeManager: dfs.namenode.datanode.registration.ip-hostname-check=true
2017-09-25 18:25:17,727 INFO org.apache.hadoop.hdfs.server.blockmanagement.BlockManager: dfs.namenode.startup.delay.block.deletion.sec is set to 000:00:00:00.000
2017-09-25 18:25:17,728 INFO org.apache.hadoop.hdfs.server.blockmanagement.BlockManager: The block deletion will start around 2017 Sep 25 18:25:17
2017-09-25 18:25:17,757 INFO org.apache.hadoop.util.GSet: Computing capacity for map BlocksMap
2017-09-25 18:25:17,757 INFO org.apache.hadoop.util.GSet: VM type       = 64-bit
2017-09-25 18:25:17,766 INFO org.apache.hadoop.util.GSet: 2.0% max memory 889 MB = 17.8 MB
2017-09-25 18:25:17,767 INFO org.apache.hadoop.util.GSet: capacity      = 2^21 = 2097152 entries
2017-09-25 18:25:17,911 INFO org.apache.hadoop.hdfs.server.blockmanagement.BlockManager: dfs.block.access.token.enable=false
2017-09-25 18:25:17,926 INFO org.apache.hadoop.hdfs.server.blockmanagement.BlockManager: defaultReplication         = 1
2017-09-25 18:25:17,926 INFO org.apache.hadoop.hdfs.server.blockmanagement.BlockManager: maxReplication             = 512
2017-09-25 18:25:17,926 INFO org.apache.hadoop.hdfs.server.blockmanagement.BlockManager: minReplication             = 1
2017-09-25 18:25:17,926 INFO org.apache.hadoop.hdfs.server.blockmanagement.BlockManager: maxReplicationStreams      = 2
2017-09-25 18:25:17,926 INFO org.apache.hadoop.hdfs.server.blockmanagement.BlockManager: replicationRecheckInterval = 3000
2017-09-25 18:25:17,926 INFO org.apache.hadoop.hdfs.server.blockmanagement.BlockManager: encryptDataTransfer        = false
2017-09-25 18:25:17,926 INFO org.apache.hadoop.hdfs.server.blockmanagement.BlockManager: maxNumBlocksToLog          = 1000
2017-09-25 18:25:17,936 INFO org.apache.hadoop.hdfs.server.namenode.FSNamesystem: fsOwner             = DarkRobo (auth:SIMPLE)
2017-09-25 18:25:17,936 INFO org.apache.hadoop.hdfs.server.namenode.FSNamesystem: supergroup          = supergroup
2017-09-25 18:25:17,936 INFO org.apache.hadoop.hdfs.server.namenode.FSNamesystem: isPermissionEnabled = true
2017-09-25 18:25:17,937 INFO org.apache.hadoop.hdfs.server.namenode.FSNamesystem: HA Enabled: false
2017-09-25 18:25:17,987 INFO org.apache.hadoop.hdfs.server.namenode.FSNamesystem: Append Enabled: true
2017-09-25 18:25:19,259 INFO org.apache.hadoop.util.GSet: Computing capacity for map INodeMap
2017-09-25 18:25:19,259 INFO org.apache.hadoop.util.GSet: VM type       = 64-bit
2017-09-25 18:25:19,259 INFO org.apache.hadoop.util.GSet: 1.0% max memory 889 MB = 8.9 MB
2017-09-25 18:25:19,259 INFO org.apache.hadoop.util.GSet: capacity      = 2^20 = 1048576 entries
2017-09-25 18:25:19,261 INFO org.apache.hadoop.hdfs.server.namenode.FSDirectory: ACLs enabled? false
2017-09-25 18:25:19,262 INFO org.apache.hadoop.hdfs.server.namenode.FSDirectory: XAttrs enabled? true
2017-09-25 18:25:19,262 INFO org.apache.hadoop.hdfs.server.namenode.NameNode: Caching file names occurring more than 10 times
2017-09-25 18:25:19,291 INFO org.apache.hadoop.util.GSet: Computing capacity for map cachedBlocks
2017-09-25 18:25:19,291 INFO org.apache.hadoop.util.GSet: VM type       = 64-bit
2017-09-25 18:25:19,292 INFO org.apache.hadoop.util.GSet: 0.25% max memory 889 MB = 2.2 MB
2017-09-25 18:25:19,292 INFO org.apache.hadoop.util.GSet: capacity      = 2^18 = 262144 entries
2017-09-25 18:25:19,312 INFO org.apache.hadoop.hdfs.server.namenode.FSNamesystem: dfs.namenode.safemode.threshold-pct = 0.9990000128746033
2017-09-25 18:25:19,312 INFO org.apache.hadoop.hdfs.server.namenode.FSNamesystem: dfs.namenode.safemode.min.datanodes = 0
2017-09-25 18:25:19,312 INFO org.apache.hadoop.hdfs.server.namenode.FSNamesystem: dfs.namenode.safemode.extension     = 30000
2017-09-25 18:25:19,322 INFO org.apache.hadoop.hdfs.server.namenode.top.metrics.TopMetrics: NNTop conf: dfs.namenode.top.window.num.buckets = 10
2017-09-25 18:25:19,322 INFO org.apache.hadoop.hdfs.server.namenode.top.metrics.TopMetrics: NNTop conf: dfs.namenode.top.num.users = 10
2017-09-25 18:25:19,322 INFO org.apache.hadoop.hdfs.server.namenode.top.metrics.TopMetrics: NNTop conf: dfs.namenode.top.windows.minutes = 1,5,25
2017-09-25 18:25:19,335 INFO org.apache.hadoop.hdfs.server.namenode.FSNamesystem: Retry cache on namenode is enabled
2017-09-25 18:25:19,335 INFO org.apache.hadoop.hdfs.server.namenode.FSNamesystem: Retry cache will use 0.03 of total heap and retry cache entry expiry time is 600000 millis
2017-09-25 18:25:19,345 INFO org.apache.hadoop.util.GSet: Computing capacity for map NameNodeRetryCache
2017-09-25 18:25:19,345 INFO org.apache.hadoop.util.GSet: VM type       = 64-bit
2017-09-25 18:25:19,345 INFO org.apache.hadoop.util.GSet: 0.029999999329447746% max memory 889 MB = 273.1 KB
2017-09-25 18:25:19,345 INFO org.apache.hadoop.util.GSet: capacity      = 2^15 = 32768 entries
2017-09-25 18:25:19,423 INFO org.apache.hadoop.hdfs.server.common.Storage: Lock on /Users/DarkRobo/hadoop-2.8.1/data/namenode/in_use.lock acquired by nodename 1322@dark-robos-mbp.kc.umkc.edu
2017-09-25 18:25:19,528 INFO org.apache.hadoop.hdfs.server.namenode.FileJournalManager: Recovering unfinalized segments in /Users/DarkRobo/hadoop-2.8.1/data/namenode/current
2017-09-25 18:25:19,629 INFO org.apache.hadoop.hdfs.server.namenode.FileJournalManager: Finalizing edits file /Users/DarkRobo/hadoop-2.8.1/data/namenode/current/edits_inprogress_0000000000000000140 -> /Users/DarkRobo/hadoop-2.8.1/data/namenode/current/edits_0000000000000000140-0000000000000000146
2017-09-25 18:25:19,667 INFO org.apache.hadoop.hdfs.server.namenode.FSImage: Planning to load image: FSImageFile(file=/Users/DarkRobo/hadoop-2.8.1/data/namenode/current/fsimage_0000000000000000138, cpktTxId=0000000000000000138)
2017-09-25 18:25:19,853 INFO org.apache.hadoop.hdfs.server.namenode.FSImageFormatPBINode: Loading 47 INodes.
2017-09-25 18:25:20,019 INFO org.apache.hadoop.hdfs.server.namenode.FSImageFormatProtobuf: Loaded FSImage in 0 seconds.
2017-09-25 18:25:20,019 INFO org.apache.hadoop.hdfs.server.namenode.FSImage: Loaded image for txid 138 from /Users/DarkRobo/hadoop-2.8.1/data/namenode/current/fsimage_0000000000000000138
2017-09-25 18:25:20,019 INFO org.apache.hadoop.hdfs.server.namenode.FSImage: Reading org.apache.hadoop.hdfs.server.namenode.RedundantEditLogInputStream@16f7b4af expecting start txid #139
2017-09-25 18:25:20,020 INFO org.apache.hadoop.hdfs.server.namenode.FSImage: Start loading edits file /Users/DarkRobo/hadoop-2.8.1/data/namenode/current/edits_0000000000000000139-0000000000000000139
2017-09-25 18:25:20,022 INFO org.apache.hadoop.hdfs.server.namenode.EditLogInputStream: Fast-forwarding stream '/Users/DarkRobo/hadoop-2.8.1/data/namenode/current/edits_0000000000000000139-0000000000000000139' to transaction ID 139
2017-09-25 18:25:20,178 INFO org.apache.hadoop.hdfs.server.namenode.FSImage: Edits file /Users/DarkRobo/hadoop-2.8.1/data/namenode/current/edits_0000000000000000139-0000000000000000139 of size 1048576 edits # 1 loaded in 0 seconds
2017-09-25 18:25:20,178 INFO org.apache.hadoop.hdfs.server.namenode.FSImage: Reading org.apache.hadoop.hdfs.server.namenode.RedundantEditLogInputStream@7adf16aa expecting start txid #140
2017-09-25 18:25:20,178 INFO org.apache.hadoop.hdfs.server.namenode.FSImage: Start loading edits file /Users/DarkRobo/hadoop-2.8.1/data/namenode/current/edits_0000000000000000140-0000000000000000146
2017-09-25 18:25:20,178 INFO org.apache.hadoop.hdfs.server.namenode.EditLogInputStream: Fast-forwarding stream '/Users/DarkRobo/hadoop-2.8.1/data/namenode/current/edits_0000000000000000140-0000000000000000146' to transaction ID 139
2017-09-25 18:25:20,358 INFO org.apache.hadoop.hdfs.server.namenode.FSImage: Edits file /Users/DarkRobo/hadoop-2.8.1/data/namenode/current/edits_0000000000000000140-0000000000000000146 of size 1048576 edits # 7 loaded in 0 seconds
2017-09-25 18:25:20,359 INFO org.apache.hadoop.hdfs.server.namenode.FSNamesystem: Need to save fs image? true (staleImage=true, haEnabled=false, isRollingUpgrade=false)
2017-09-25 18:25:20,359 INFO org.apache.hadoop.hdfs.server.namenode.FSImage: Save namespace ...
2017-09-25 18:25:20,392 INFO org.apache.hadoop.hdfs.server.namenode.FSImageFormatProtobuf: Saving image file /Users/DarkRobo/hadoop-2.8.1/data/namenode/current/fsimage.ckpt_0000000000000000146 using no compression
2017-09-25 18:25:20,540 INFO org.apache.hadoop.hdfs.server.namenode.FSImageFormatProtobuf: Image file /Users/DarkRobo/hadoop-2.8.1/data/namenode/current/fsimage.ckpt_0000000000000000146 of size 3551 bytes saved in 0 seconds.
2017-09-25 18:25:20,618 INFO org.apache.hadoop.hdfs.server.namenode.NNStorageRetentionManager: Going to retain 2 images with txid >= 138
2017-09-25 18:25:20,619 INFO org.apache.hadoop.hdfs.server.namenode.NNStorageRetentionManager: Purging old image FSImageFile(file=/Users/DarkRobo/hadoop-2.8.1/data/namenode/current/fsimage_0000000000000000135, cpktTxId=0000000000000000135)
2017-09-25 18:25:20,695 INFO org.apache.hadoop.hdfs.server.namenode.FSEditLog: Starting log segment at 147
2017-09-25 18:25:21,052 INFO org.apache.hadoop.hdfs.server.namenode.FSNamesystem: FSNamesystem write lock held for 1698 ms via
java.lang.Thread.getStackTrace(Thread.java:1559)
org.apache.hadoop.util.StringUtils.getStackTrace(StringUtils.java:1032)
org.apache.hadoop.hdfs.server.namenode.FSNamesystemLock.writeUnlock(FSNamesystemLock.java:233)
org.apache.hadoop.hdfs.server.namenode.FSNamesystem.writeUnlock(FSNamesystem.java:1537)
org.apache.hadoop.hdfs.server.namenode.FSNamesystem.loadFSImage(FSNamesystem.java:1041)
org.apache.hadoop.hdfs.server.namenode.FSNamesystem.loadFromDisk(FSNamesystem.java:691)
org.apache.hadoop.hdfs.server.namenode.NameNode.loadNamesystem(NameNode.java:634)
org.apache.hadoop.hdfs.server.namenode.NameNode.initialize(NameNode.java:695)
org.apache.hadoop.hdfs.server.namenode.NameNode.<init>(NameNode.java:898)
org.apache.hadoop.hdfs.server.namenode.NameNode.<init>(NameNode.java:877)
org.apache.hadoop.hdfs.server.namenode.NameNode.createNameNode(NameNode.java:1603)
org.apache.hadoop.hdfs.server.namenode.NameNode.main(NameNode.java:1671)
	Number of suppressed write-lock reports: 0
	Longest write-lock held interval: 1698
2017-09-25 18:25:21,052 INFO org.apache.hadoop.hdfs.server.namenode.NameCache: initialized with 0 entries 0 lookups
2017-09-25 18:25:21,052 INFO org.apache.hadoop.hdfs.server.namenode.FSNamesystem: Finished loading FSImage in 1699 msecs
2017-09-25 18:25:22,126 INFO org.apache.hadoop.hdfs.server.namenode.NameNode: RPC server is binding to localhost:9000
2017-09-25 18:25:22,139 INFO org.apache.hadoop.ipc.CallQueueManager: Using callQueue: class java.util.concurrent.LinkedBlockingQueue queueCapacity: 1000 scheduler: class org.apache.hadoop.ipc.DefaultRpcScheduler
2017-09-25 18:25:22,213 INFO org.apache.hadoop.ipc.Server: Starting Socket Reader #1 for port 9000
2017-09-25 18:25:22,629 INFO org.apache.hadoop.hdfs.server.namenode.FSNamesystem: Registered FSNamesystemState MBean
2017-09-25 18:25:22,631 WARN org.apache.hadoop.hdfs.server.common.Util: Path /Users/DarkRobo/hadoop-2.8.1/data/namenode should be specified as a URI in configuration files. Please update hdfs configuration.
2017-09-25 18:25:22,693 INFO org.apache.hadoop.hdfs.server.namenode.LeaseManager: Number of blocks under construction: 0
2017-09-25 18:25:22,693 INFO org.apache.hadoop.hdfs.StateChange: STATE* Safe mode ON. 
The reported blocks 0 needs additional 10 blocks to reach the threshold 0.9990 of total blocks 11.
The number of live datanodes 0 has reached the minimum number 0. Safe mode will be turned off automatically once the thresholds have been reached.
2017-09-25 18:25:22,789 INFO org.apache.hadoop.ipc.Server: IPC Server Responder: starting
2017-09-25 18:25:22,789 INFO org.apache.hadoop.ipc.Server: IPC Server listener on 9000: starting
2017-09-25 18:25:22,793 INFO org.apache.hadoop.hdfs.server.namenode.NameNode: NameNode RPC up at: localhost/127.0.0.1:9000
2017-09-25 18:25:22,810 INFO org.apache.hadoop.hdfs.server.namenode.FSNamesystem: Starting services required for active state
2017-09-25 18:25:22,810 INFO org.apache.hadoop.hdfs.server.namenode.FSDirectory: Initializing quota with 4 thread(s)
2017-09-25 18:25:22,859 INFO org.apache.hadoop.hdfs.server.namenode.FSDirectory: Quota initialization completed in 49 milliseconds
name space=47
storage space=14080
storage types=RAM_DISK=0, SSD=0, DISK=0, ARCHIVE=0
2017-09-25 18:25:22,868 INFO org.apache.hadoop.hdfs.server.blockmanagement.CacheReplicationMonitor: Starting CacheReplicationMonitor with interval 30000 milliseconds
2017-09-25 18:25:25,241 INFO org.apache.hadoop.hdfs.StateChange: BLOCK* registerDatanode: from DatanodeRegistration(127.0.0.1:50010, datanodeUuid=1e94ed72-a422-4a42-8060-a599d239a6da, infoPort=50075, infoSecurePort=0, ipcPort=50020, storageInfo=lv=-57;cid=CID-f6009f65-f832-4528-a71a-5819710a8f94;nsid=917204981;c=1505249479256) storage 1e94ed72-a422-4a42-8060-a599d239a6da
2017-09-25 18:25:25,242 INFO org.apache.hadoop.net.NetworkTopology: Adding a new node: /default-rack/127.0.0.1:50010
2017-09-25 18:25:25,242 INFO org.apache.hadoop.hdfs.server.blockmanagement.BlockReportLeaseManager: Registered DN 1e94ed72-a422-4a42-8060-a599d239a6da (127.0.0.1:50010).
2017-09-25 18:25:25,353 INFO org.apache.hadoop.hdfs.server.blockmanagement.DatanodeDescriptor: Adding new storage ID DS-ef43faf7-a88c-4f41-8432-1a60e97fcd32 for DN 127.0.0.1:50010
2017-09-25 18:25:25,412 INFO BlockStateChange: BLOCK* processReport 0x7f75517a135df928: Processing first storage report for DS-ef43faf7-a88c-4f41-8432-1a60e97fcd32 from datanode 1e94ed72-a422-4a42-8060-a599d239a6da
2017-09-25 18:25:25,416 INFO org.apache.hadoop.hdfs.StateChange: STATE* Safe mode extension entered. 
The reported blocks 10 has reached the threshold 0.9990 of total blocks 11. The number of live datanodes 1 has reached the minimum number 0. In safe mode extension. Safe mode will be turned off automatically in 29 seconds.
2017-09-25 18:25:25,416 INFO org.apache.hadoop.hdfs.server.blockmanagement.BlockManager: initializing replication queues
2017-09-25 18:25:25,418 INFO BlockStateChange: BLOCK* processReport 0x7f75517a135df928: from storage DS-ef43faf7-a88c-4f41-8432-1a60e97fcd32 node DatanodeRegistration(127.0.0.1:50010, datanodeUuid=1e94ed72-a422-4a42-8060-a599d239a6da, infoPort=50075, infoSecurePort=0, ipcPort=50020, storageInfo=lv=-57;cid=CID-f6009f65-f832-4528-a71a-5819710a8f94;nsid=917204981;c=1505249479256), blocks: 11, hasStaleStorage: false, processing time: 6 msecs, invalidatedBlocks: 0
2017-09-25 18:25:25,422 INFO org.apache.hadoop.hdfs.server.blockmanagement.BlockManager: Total number of blocks            = 11
2017-09-25 18:25:25,422 INFO org.apache.hadoop.hdfs.server.blockmanagement.BlockManager: Number of invalid blocks          = 0
2017-09-25 18:25:25,422 INFO org.apache.hadoop.hdfs.server.blockmanagement.BlockManager: Number of under-replicated blocks = 0
2017-09-25 18:25:25,422 INFO org.apache.hadoop.hdfs.server.blockmanagement.BlockManager: Number of  over-replicated blocks = 0
2017-09-25 18:25:25,422 INFO org.apache.hadoop.hdfs.server.blockmanagement.BlockManager: Number of blocks being written    = 0
2017-09-25 18:25:25,422 INFO org.apache.hadoop.hdfs.StateChange: STATE* Replication Queue initialization scan for invalid, over- and under-replicated blocks completed in 5 msec
2017-09-25 18:25:45,481 INFO org.apache.hadoop.hdfs.StateChange: STATE* Safe mode ON, in safe mode extension. 
The reported blocks 11 has reached the threshold 0.9990 of total blocks 11. The number of live datanodes 1 has reached the minimum number 0. In safe mode extension. Safe mode will be turned off automatically in 9 seconds.
2017-09-25 18:25:55,503 INFO org.apache.hadoop.hdfs.StateChange: STATE* Leaving safe mode after 38 secs
2017-09-25 18:25:55,504 INFO org.apache.hadoop.hdfs.StateChange: STATE* Safe mode is OFF
2017-09-25 18:25:55,504 INFO org.apache.hadoop.hdfs.StateChange: STATE* Network topology has 1 racks and 1 datanodes
2017-09-25 18:25:55,504 INFO org.apache.hadoop.hdfs.StateChange: STATE* UnderReplicatedBlocks has 0 blocks
2017-09-25 18:26:28,056 INFO org.apache.hadoop.hdfs.server.namenode.FSNamesystem: Roll Edit Log from 127.0.0.1
2017-09-25 18:26:28,056 INFO org.apache.hadoop.hdfs.server.namenode.FSEditLog: Rolling edit logs
2017-09-25 18:26:28,056 INFO org.apache.hadoop.hdfs.server.namenode.FSEditLog: Ending log segment 147, 147
2017-09-25 18:26:28,057 INFO org.apache.hadoop.hdfs.server.namenode.FSEditLog: logSyncAll toSyncToTxId=148 lastSyncedTxid=147 mostRecentTxid=148
2017-09-25 18:26:28,057 INFO org.apache.hadoop.hdfs.server.namenode.FSEditLog: Number of transactions: 2 Total time for transactions(ms): 0 Number of transactions batched in Syncs: 146 Number of syncs: 2 SyncTimes(ms): 24 
2017-09-25 18:26:28,058 INFO org.apache.hadoop.hdfs.server.namenode.FSEditLog: Done logSyncAll lastWrittenTxId=148 lastSyncedTxid=148 mostRecentTxid=148
2017-09-25 18:26:28,058 INFO org.apache.hadoop.hdfs.server.namenode.FSEditLog: Number of transactions: 2 Total time for transactions(ms): 0 Number of transactions batched in Syncs: 146 Number of syncs: 3 SyncTimes(ms): 25 
2017-09-25 18:26:28,086 INFO org.apache.hadoop.hdfs.server.namenode.FileJournalManager: Finalizing edits file /Users/DarkRobo/hadoop-2.8.1/data/namenode/current/edits_inprogress_0000000000000000147 -> /Users/DarkRobo/hadoop-2.8.1/data/namenode/current/edits_0000000000000000147-0000000000000000148
2017-09-25 18:26:28,087 INFO org.apache.hadoop.hdfs.server.namenode.FSEditLog: Starting log segment at 149
2017-09-25 18:26:29,242 INFO org.apache.hadoop.hdfs.server.namenode.TransferFsImage: Transfer took 0.00s at 1000.00 KB/s
2017-09-25 18:26:29,242 INFO org.apache.hadoop.hdfs.server.namenode.TransferFsImage: Downloaded file fsimage.ckpt_0000000000000000148 size 3551 bytes.
2017-09-25 18:26:29,247 INFO org.apache.hadoop.hdfs.server.namenode.NNStorageRetentionManager: Going to retain 2 images with txid >= 146
2017-09-25 18:26:29,247 INFO org.apache.hadoop.hdfs.server.namenode.NNStorageRetentionManager: Purging old image FSImageFile(file=/Users/DarkRobo/hadoop-2.8.1/data/namenode/current/fsimage_0000000000000000138, cpktTxId=0000000000000000138)
2017-09-25 18:26:53,923 ERROR org.apache.hadoop.hdfs.server.namenode.NameNode: RECEIVED SIGNAL 15: SIGTERM
2017-09-25 18:26:53,925 INFO org.apache.hadoop.hdfs.server.namenode.NameNode: SHUTDOWN_MSG: 
/************************************************************
SHUTDOWN_MSG: Shutting down NameNode at dark-robos-mbp.kc.umkc.edu/10.111.1.74
************************************************************/
