2017-09-25 18:25:24,791 INFO org.apache.hadoop.hdfs.server.namenode.SecondaryNameNode: STARTUP_MSG: 
/************************************************************
STARTUP_MSG: Starting SecondaryNameNode
STARTUP_MSG:   user = DarkRobo
STARTUP_MSG:   host = dark-robos-mbp.kc.umkc.edu/10.111.1.74
STARTUP_MSG:   args = []
STARTUP_MSG:   version = 2.8.1
STARTUP_MSG:   classpath = /Users/DarkRobo/hadoop-2.8.1/etc/hadoop:/Users/DarkRobo/hadoop-2.8.1/share/hadoop/common/lib/activation-1.1.jar:/Users/DarkRobo/hadoop-2.8.1/share/hadoop/common/lib/apacheds-i18n-2.0.0-M15.jar:/Users/DarkRobo/hadoop-2.8.1/share/hadoop/common/lib/apacheds-kerberos-codec-2.0.0-M15.jar:/Users/DarkRobo/hadoop-2.8.1/share/hadoop/common/lib/api-asn1-api-1.0.0-M20.jar:/Users/DarkRobo/hadoop-2.8.1/share/hadoop/common/lib/api-util-1.0.0-M20.jar:/Users/DarkRobo/hadoop-2.8.1/share/hadoop/common/lib/asm-3.2.jar:/Users/DarkRobo/hadoop-2.8.1/share/hadoop/common/lib/avro-1.7.4.jar:/Users/DarkRobo/hadoop-2.8.1/share/hadoop/common/lib/commons-beanutils-1.7.0.jar:/Users/DarkRobo/hadoop-2.8.1/share/hadoop/common/lib/commons-beanutils-core-1.8.0.jar:/Users/DarkRobo/hadoop-2.8.1/share/hadoop/common/lib/commons-cli-1.2.jar:/Users/DarkRobo/hadoop-2.8.1/share/hadoop/common/lib/commons-codec-1.4.jar:/Users/DarkRobo/hadoop-2.8.1/share/hadoop/common/lib/commons-collections-3.2.2.jar:/Users/DarkRobo/hadoop-2.8.1/share/hadoop/common/lib/commons-compress-1.4.1.jar:/Users/DarkRobo/hadoop-2.8.1/share/hadoop/common/lib/commons-configuration-1.6.jar:/Users/DarkRobo/hadoop-2.8.1/share/hadoop/common/lib/commons-digester-1.8.jar:/Users/DarkRobo/hadoop-2.8.1/share/hadoop/common/lib/commons-io-2.4.jar:/Users/DarkRobo/hadoop-2.8.1/share/hadoop/common/lib/commons-lang-2.6.jar:/Users/DarkRobo/hadoop-2.8.1/share/hadoop/common/lib/commons-logging-1.1.3.jar:/Users/DarkRobo/hadoop-2.8.1/share/hadoop/common/lib/commons-math3-3.1.1.jar:/Users/DarkRobo/hadoop-2.8.1/share/hadoop/common/lib/commons-net-3.1.jar:/Users/DarkRobo/hadoop-2.8.1/share/hadoop/common/lib/curator-client-2.7.1.jar:/Users/DarkRobo/hadoop-2.8.1/share/hadoop/common/lib/curator-framework-2.7.1.jar:/Users/DarkRobo/hadoop-2.8.1/share/hadoop/common/lib/curator-recipes-2.7.1.jar:/Users/DarkRobo/hadoop-2.8.1/share/hadoop/common/lib/gson-2.2.4.jar:/Users/DarkRobo/hadoop-2.8.1/share/hadoop/common/lib/guava-11.0.2.jar:/Users/DarkRobo/hadoop-2.8.1/share/hadoop/common/lib/hadoop-annotations-2.8.1.jar:/Users/DarkRobo/hadoop-2.8.1/share/hadoop/common/lib/hadoop-auth-2.8.1.jar:/Users/DarkRobo/hadoop-2.8.1/share/hadoop/common/lib/hamcrest-core-1.3.jar:/Users/DarkRobo/hadoop-2.8.1/share/hadoop/common/lib/htrace-core4-4.0.1-incubating.jar:/Users/DarkRobo/hadoop-2.8.1/share/hadoop/common/lib/httpclient-4.5.2.jar:/Users/DarkRobo/hadoop-2.8.1/share/hadoop/common/lib/httpcore-4.4.4.jar:/Users/DarkRobo/hadoop-2.8.1/share/hadoop/common/lib/jackson-core-asl-1.9.13.jar:/Users/DarkRobo/hadoop-2.8.1/share/hadoop/common/lib/jackson-jaxrs-1.9.13.jar:/Users/DarkRobo/hadoop-2.8.1/share/hadoop/common/lib/jackson-mapper-asl-1.9.13.jar:/Users/DarkRobo/hadoop-2.8.1/share/hadoop/common/lib/jackson-xc-1.9.13.jar:/Users/DarkRobo/hadoop-2.8.1/share/hadoop/common/lib/java-xmlbuilder-0.4.jar:/Users/DarkRobo/hadoop-2.8.1/share/hadoop/common/lib/jaxb-api-2.2.2.jar:/Users/DarkRobo/hadoop-2.8.1/share/hadoop/common/lib/jaxb-impl-2.2.3-1.jar:/Users/DarkRobo/hadoop-2.8.1/share/hadoop/common/lib/jcip-annotations-1.0.jar:/Users/DarkRobo/hadoop-2.8.1/share/hadoop/common/lib/jersey-core-1.9.jar:/Users/DarkRobo/hadoop-2.8.1/share/hadoop/common/lib/jersey-json-1.9.jar:/Users/DarkRobo/hadoop-2.8.1/share/hadoop/common/lib/jersey-server-1.9.jar:/Users/DarkRobo/hadoop-2.8.1/share/hadoop/common/lib/jets3t-0.9.0.jar:/Users/DarkRobo/hadoop-2.8.1/share/hadoop/common/lib/jettison-1.1.jar:/Users/DarkRobo/hadoop-2.8.1/share/hadoop/common/lib/jetty-6.1.26.jar:/Users/DarkRobo/hadoop-2.8.1/share/hadoop/common/lib/jetty-sslengine-6.1.26.jar:/Users/DarkRobo/hadoop-2.8.1/share/hadoop/common/lib/jetty-util-6.1.26.jar:/Users/DarkRobo/hadoop-2.8.1/share/hadoop/common/lib/jsch-0.1.51.jar:/Users/DarkRobo/hadoop-2.8.1/share/hadoop/common/lib/json-smart-1.1.1.jar:/Users/DarkRobo/hadoop-2.8.1/share/hadoop/common/lib/jsp-api-2.1.jar:/Users/DarkRobo/hadoop-2.8.1/share/hadoop/common/lib/jsr305-3.0.0.jar:/Users/DarkRobo/hadoop-2.8.1/share/hadoop/common/lib/junit-4.11.jar:/Users/DarkRobo/hadoop-2.8.1/share/hadoop/common/lib/log4j-1.2.17.jar:/Users/DarkRobo/hadoop-2.8.1/share/hadoop/common/lib/mockito-all-1.8.5.jar:/Users/DarkRobo/hadoop-2.8.1/share/hadoop/common/lib/netty-3.6.2.Final.jar:/Users/DarkRobo/hadoop-2.8.1/share/hadoop/common/lib/nimbus-jose-jwt-3.9.jar:/Users/DarkRobo/hadoop-2.8.1/share/hadoop/common/lib/paranamer-2.3.jar:/Users/DarkRobo/hadoop-2.8.1/share/hadoop/common/lib/protobuf-java-2.5.0.jar:/Users/DarkRobo/hadoop-2.8.1/share/hadoop/common/lib/servlet-api-2.5.jar:/Users/DarkRobo/hadoop-2.8.1/share/hadoop/common/lib/slf4j-api-1.7.10.jar:/Users/DarkRobo/hadoop-2.8.1/share/hadoop/common/lib/slf4j-log4j12-1.7.10.jar:/Users/DarkRobo/hadoop-2.8.1/share/hadoop/common/lib/snappy-java-1.0.4.1.jar:/Users/DarkRobo/hadoop-2.8.1/share/hadoop/common/lib/stax-api-1.0-2.jar:/Users/DarkRobo/hadoop-2.8.1/share/hadoop/common/lib/xmlenc-0.52.jar:/Users/DarkRobo/hadoop-2.8.1/share/hadoop/common/lib/xz-1.0.jar:/Users/DarkRobo/hadoop-2.8.1/share/hadoop/common/lib/zookeeper-3.4.6.jar:/Users/DarkRobo/hadoop-2.8.1/share/hadoop/common/hadoop-common-2.8.1-tests.jar:/Users/DarkRobo/hadoop-2.8.1/share/hadoop/common/hadoop-common-2.8.1.jar:/Users/DarkRobo/hadoop-2.8.1/share/hadoop/common/hadoop-nfs-2.8.1.jar:/Users/DarkRobo/hadoop-2.8.1/share/hadoop/hdfs:/Users/DarkRobo/hadoop-2.8.1/share/hadoop/hdfs/lib/asm-3.2.jar:/Users/DarkRobo/hadoop-2.8.1/share/hadoop/hdfs/lib/commons-cli-1.2.jar:/Users/DarkRobo/hadoop-2.8.1/share/hadoop/hdfs/lib/commons-codec-1.4.jar:/Users/DarkRobo/hadoop-2.8.1/share/hadoop/hdfs/lib/commons-daemon-1.0.13.jar:/Users/DarkRobo/hadoop-2.8.1/share/hadoop/hdfs/lib/commons-io-2.4.jar:/Users/DarkRobo/hadoop-2.8.1/share/hadoop/hdfs/lib/commons-lang-2.6.jar:/Users/DarkRobo/hadoop-2.8.1/share/hadoop/hdfs/lib/commons-logging-1.1.3.jar:/Users/DarkRobo/hadoop-2.8.1/share/hadoop/hdfs/lib/guava-11.0.2.jar:/Users/DarkRobo/hadoop-2.8.1/share/hadoop/hdfs/lib/hadoop-hdfs-client-2.8.1.jar:/Users/DarkRobo/hadoop-2.8.1/share/hadoop/hdfs/lib/htrace-core4-4.0.1-incubating.jar:/Users/DarkRobo/hadoop-2.8.1/share/hadoop/hdfs/lib/jackson-core-asl-1.9.13.jar:/Users/DarkRobo/hadoop-2.8.1/share/hadoop/hdfs/lib/jackson-mapper-asl-1.9.13.jar:/Users/DarkRobo/hadoop-2.8.1/share/hadoop/hdfs/lib/jersey-core-1.9.jar:/Users/DarkRobo/hadoop-2.8.1/share/hadoop/hdfs/lib/jersey-server-1.9.jar:/Users/DarkRobo/hadoop-2.8.1/share/hadoop/hdfs/lib/jetty-6.1.26.jar:/Users/DarkRobo/hadoop-2.8.1/share/hadoop/hdfs/lib/jetty-util-6.1.26.jar:/Users/DarkRobo/hadoop-2.8.1/share/hadoop/hdfs/lib/jsr305-3.0.0.jar:/Users/DarkRobo/hadoop-2.8.1/share/hadoop/hdfs/lib/leveldbjni-all-1.8.jar:/Users/DarkRobo/hadoop-2.8.1/share/hadoop/hdfs/lib/log4j-1.2.17.jar:/Users/DarkRobo/hadoop-2.8.1/share/hadoop/hdfs/lib/netty-3.6.2.Final.jar:/Users/DarkRobo/hadoop-2.8.1/share/hadoop/hdfs/lib/netty-all-4.0.23.Final.jar:/Users/DarkRobo/hadoop-2.8.1/share/hadoop/hdfs/lib/okhttp-2.4.0.jar:/Users/DarkRobo/hadoop-2.8.1/share/hadoop/hdfs/lib/okio-1.4.0.jar:/Users/DarkRobo/hadoop-2.8.1/share/hadoop/hdfs/lib/protobuf-java-2.5.0.jar:/Users/DarkRobo/hadoop-2.8.1/share/hadoop/hdfs/lib/servlet-api-2.5.jar:/Users/DarkRobo/hadoop-2.8.1/share/hadoop/hdfs/lib/xercesImpl-2.9.1.jar:/Users/DarkRobo/hadoop-2.8.1/share/hadoop/hdfs/lib/xml-apis-1.3.04.jar:/Users/DarkRobo/hadoop-2.8.1/share/hadoop/hdfs/lib/xmlenc-0.52.jar:/Users/DarkRobo/hadoop-2.8.1/share/hadoop/hdfs/hadoop-hdfs-2.8.1-tests.jar:/Users/DarkRobo/hadoop-2.8.1/share/hadoop/hdfs/hadoop-hdfs-2.8.1.jar:/Users/DarkRobo/hadoop-2.8.1/share/hadoop/hdfs/hadoop-hdfs-client-2.8.1-tests.jar:/Users/DarkRobo/hadoop-2.8.1/share/hadoop/hdfs/hadoop-hdfs-client-2.8.1.jar:/Users/DarkRobo/hadoop-2.8.1/share/hadoop/hdfs/hadoop-hdfs-native-client-2.8.1-tests.jar:/Users/DarkRobo/hadoop-2.8.1/share/hadoop/hdfs/hadoop-hdfs-native-client-2.8.1.jar:/Users/DarkRobo/hadoop-2.8.1/share/hadoop/hdfs/hadoop-hdfs-nfs-2.8.1.jar:/Users/DarkRobo/hadoop-2.8.1/share/hadoop/yarn/lib/activation-1.1.jar:/Users/DarkRobo/hadoop-2.8.1/share/hadoop/yarn/lib/aopalliance-1.0.jar:/Users/DarkRobo/hadoop-2.8.1/share/hadoop/yarn/lib/asm-3.2.jar:/Users/DarkRobo/hadoop-2.8.1/share/hadoop/yarn/lib/commons-cli-1.2.jar:/Users/DarkRobo/hadoop-2.8.1/share/hadoop/yarn/lib/commons-codec-1.4.jar:/Users/DarkRobo/hadoop-2.8.1/share/hadoop/yarn/lib/commons-collections-3.2.2.jar:/Users/DarkRobo/hadoop-2.8.1/share/hadoop/yarn/lib/commons-compress-1.4.1.jar:/Users/DarkRobo/hadoop-2.8.1/share/hadoop/yarn/lib/commons-io-2.4.jar:/Users/DarkRobo/hadoop-2.8.1/share/hadoop/yarn/lib/commons-lang-2.6.jar:/Users/DarkRobo/hadoop-2.8.1/share/hadoop/yarn/lib/commons-logging-1.1.3.jar:/Users/DarkRobo/hadoop-2.8.1/share/hadoop/yarn/lib/commons-math-2.2.jar:/Users/DarkRobo/hadoop-2.8.1/share/hadoop/yarn/lib/curator-client-2.7.1.jar:/Users/DarkRobo/hadoop-2.8.1/share/hadoop/yarn/lib/curator-test-2.7.1.jar:/Users/DarkRobo/hadoop-2.8.1/share/hadoop/yarn/lib/fst-2.24.jar:/Users/DarkRobo/hadoop-2.8.1/share/hadoop/yarn/lib/guava-11.0.2.jar:/Users/DarkRobo/hadoop-2.8.1/share/hadoop/yarn/lib/guice-3.0.jar:/Users/DarkRobo/hadoop-2.8.1/share/hadoop/yarn/lib/guice-servlet-3.0.jar:/Users/DarkRobo/hadoop-2.8.1/share/hadoop/yarn/lib/jackson-core-asl-1.9.13.jar:/Users/DarkRobo/hadoop-2.8.1/share/hadoop/yarn/lib/jackson-jaxrs-1.9.13.jar:/Users/DarkRobo/hadoop-2.8.1/share/hadoop/yarn/lib/jackson-mapper-asl-1.9.13.jar:/Users/DarkRobo/hadoop-2.8.1/share/hadoop/yarn/lib/jackson-xc-1.9.13.jar:/Users/DarkRobo/hadoop-2.8.1/share/hadoop/yarn/lib/javassist-3.18.1-GA.jar:/Users/DarkRobo/hadoop-2.8.1/share/hadoop/yarn/lib/javax.inject-1.jar:/Users/DarkRobo/hadoop-2.8.1/share/hadoop/yarn/lib/jaxb-api-2.2.2.jar:/Users/DarkRobo/hadoop-2.8.1/share/hadoop/yarn/lib/jaxb-impl-2.2.3-1.jar:/Users/DarkRobo/hadoop-2.8.1/share/hadoop/yarn/lib/jersey-client-1.9.jar:/Users/DarkRobo/hadoop-2.8.1/share/hadoop/yarn/lib/jersey-core-1.9.jar:/Users/DarkRobo/hadoop-2.8.1/share/hadoop/yarn/lib/jersey-guice-1.9.jar:/Users/DarkRobo/hadoop-2.8.1/share/hadoop/yarn/lib/jersey-json-1.9.jar:/Users/DarkRobo/hadoop-2.8.1/share/hadoop/yarn/lib/jersey-server-1.9.jar:/Users/DarkRobo/hadoop-2.8.1/share/hadoop/yarn/lib/jettison-1.1.jar:/Users/DarkRobo/hadoop-2.8.1/share/hadoop/yarn/lib/jetty-6.1.26.jar:/Users/DarkRobo/hadoop-2.8.1/share/hadoop/yarn/lib/jetty-util-6.1.26.jar:/Users/DarkRobo/hadoop-2.8.1/share/hadoop/yarn/lib/jsr305-3.0.0.jar:/Users/DarkRobo/hadoop-2.8.1/share/hadoop/yarn/lib/leveldbjni-all-1.8.jar:/Users/DarkRobo/hadoop-2.8.1/share/hadoop/yarn/lib/log4j-1.2.17.jar:/Users/DarkRobo/hadoop-2.8.1/share/hadoop/yarn/lib/netty-3.6.2.Final.jar:/Users/DarkRobo/hadoop-2.8.1/share/hadoop/yarn/lib/objenesis-2.1.jar:/Users/DarkRobo/hadoop-2.8.1/share/hadoop/yarn/lib/protobuf-java-2.5.0.jar:/Users/DarkRobo/hadoop-2.8.1/share/hadoop/yarn/lib/servlet-api-2.5.jar:/Users/DarkRobo/hadoop-2.8.1/share/hadoop/yarn/lib/stax-api-1.0-2.jar:/Users/DarkRobo/hadoop-2.8.1/share/hadoop/yarn/lib/xz-1.0.jar:/Users/DarkRobo/hadoop-2.8.1/share/hadoop/yarn/lib/zookeeper-3.4.6-tests.jar:/Users/DarkRobo/hadoop-2.8.1/share/hadoop/yarn/lib/zookeeper-3.4.6.jar:/Users/DarkRobo/hadoop-2.8.1/share/hadoop/yarn/hadoop-yarn-api-2.8.1.jar:/Users/DarkRobo/hadoop-2.8.1/share/hadoop/yarn/hadoop-yarn-applications-distributedshell-2.8.1.jar:/Users/DarkRobo/hadoop-2.8.1/share/hadoop/yarn/hadoop-yarn-applications-unmanaged-am-launcher-2.8.1.jar:/Users/DarkRobo/hadoop-2.8.1/share/hadoop/yarn/hadoop-yarn-client-2.8.1.jar:/Users/DarkRobo/hadoop-2.8.1/share/hadoop/yarn/hadoop-yarn-common-2.8.1.jar:/Users/DarkRobo/hadoop-2.8.1/share/hadoop/yarn/hadoop-yarn-registry-2.8.1.jar:/Users/DarkRobo/hadoop-2.8.1/share/hadoop/yarn/hadoop-yarn-server-applicationhistoryservice-2.8.1.jar:/Users/DarkRobo/hadoop-2.8.1/share/hadoop/yarn/hadoop-yarn-server-common-2.8.1.jar:/Users/DarkRobo/hadoop-2.8.1/share/hadoop/yarn/hadoop-yarn-server-nodemanager-2.8.1.jar:/Users/DarkRobo/hadoop-2.8.1/share/hadoop/yarn/hadoop-yarn-server-resourcemanager-2.8.1.jar:/Users/DarkRobo/hadoop-2.8.1/share/hadoop/yarn/hadoop-yarn-server-sharedcachemanager-2.8.1.jar:/Users/DarkRobo/hadoop-2.8.1/share/hadoop/yarn/hadoop-yarn-server-tests-2.8.1.jar:/Users/DarkRobo/hadoop-2.8.1/share/hadoop/yarn/hadoop-yarn-server-timeline-pluginstorage-2.8.1.jar:/Users/DarkRobo/hadoop-2.8.1/share/hadoop/yarn/hadoop-yarn-server-web-proxy-2.8.1.jar:/Users/DarkRobo/hadoop-2.8.1/share/hadoop/mapreduce/lib/aopalliance-1.0.jar:/Users/DarkRobo/hadoop-2.8.1/share/hadoop/mapreduce/lib/asm-3.2.jar:/Users/DarkRobo/hadoop-2.8.1/share/hadoop/mapreduce/lib/avro-1.7.4.jar:/Users/DarkRobo/hadoop-2.8.1/share/hadoop/mapreduce/lib/commons-compress-1.4.1.jar:/Users/DarkRobo/hadoop-2.8.1/share/hadoop/mapreduce/lib/commons-io-2.4.jar:/Users/DarkRobo/hadoop-2.8.1/share/hadoop/mapreduce/lib/guice-3.0.jar:/Users/DarkRobo/hadoop-2.8.1/share/hadoop/mapreduce/lib/guice-servlet-3.0.jar:/Users/DarkRobo/hadoop-2.8.1/share/hadoop/mapreduce/lib/hadoop-annotations-2.8.1.jar:/Users/DarkRobo/hadoop-2.8.1/share/hadoop/mapreduce/lib/hamcrest-core-1.3.jar:/Users/DarkRobo/hadoop-2.8.1/share/hadoop/mapreduce/lib/jackson-core-asl-1.9.13.jar:/Users/DarkRobo/hadoop-2.8.1/share/hadoop/mapreduce/lib/jackson-mapper-asl-1.9.13.jar:/Users/DarkRobo/hadoop-2.8.1/share/hadoop/mapreduce/lib/javax.inject-1.jar:/Users/DarkRobo/hadoop-2.8.1/share/hadoop/mapreduce/lib/jersey-core-1.9.jar:/Users/DarkRobo/hadoop-2.8.1/share/hadoop/mapreduce/lib/jersey-guice-1.9.jar:/Users/DarkRobo/hadoop-2.8.1/share/hadoop/mapreduce/lib/jersey-server-1.9.jar:/Users/DarkRobo/hadoop-2.8.1/share/hadoop/mapreduce/lib/junit-4.11.jar:/Users/DarkRobo/hadoop-2.8.1/share/hadoop/mapreduce/lib/leveldbjni-all-1.8.jar:/Users/DarkRobo/hadoop-2.8.1/share/hadoop/mapreduce/lib/log4j-1.2.17.jar:/Users/DarkRobo/hadoop-2.8.1/share/hadoop/mapreduce/lib/netty-3.6.2.Final.jar:/Users/DarkRobo/hadoop-2.8.1/share/hadoop/mapreduce/lib/paranamer-2.3.jar:/Users/DarkRobo/hadoop-2.8.1/share/hadoop/mapreduce/lib/protobuf-java-2.5.0.jar:/Users/DarkRobo/hadoop-2.8.1/share/hadoop/mapreduce/lib/snappy-java-1.0.4.1.jar:/Users/DarkRobo/hadoop-2.8.1/share/hadoop/mapreduce/lib/xz-1.0.jar:/Users/DarkRobo/hadoop-2.8.1/share/hadoop/mapreduce/hadoop-mapreduce-client-app-2.8.1.jar:/Users/DarkRobo/hadoop-2.8.1/share/hadoop/mapreduce/hadoop-mapreduce-client-common-2.8.1.jar:/Users/DarkRobo/hadoop-2.8.1/share/hadoop/mapreduce/hadoop-mapreduce-client-core-2.8.1.jar:/Users/DarkRobo/hadoop-2.8.1/share/hadoop/mapreduce/hadoop-mapreduce-client-hs-2.8.1.jar:/Users/DarkRobo/hadoop-2.8.1/share/hadoop/mapreduce/hadoop-mapreduce-client-hs-plugins-2.8.1.jar:/Users/DarkRobo/hadoop-2.8.1/share/hadoop/mapreduce/hadoop-mapreduce-client-jobclient-2.8.1-tests.jar:/Users/DarkRobo/hadoop-2.8.1/share/hadoop/mapreduce/hadoop-mapreduce-client-jobclient-2.8.1.jar:/Users/DarkRobo/hadoop-2.8.1/share/hadoop/mapreduce/hadoop-mapreduce-client-shuffle-2.8.1.jar:/Users/DarkRobo/hadoop-2.8.1/share/hadoop/mapreduce/hadoop-mapreduce-examples-2.8.1.jar:/contrib/capacity-scheduler/*.jar:/contrib/capacity-scheduler/*.jar:/contrib/capacity-scheduler/*.jar
STARTUP_MSG:   build = https://git-wip-us.apache.org/repos/asf/hadoop.git -r 20fe5304904fc2f5a18053c389e43cd26f7a70fe; compiled by 'vinodkv' on 2017-06-02T06:14Z
STARTUP_MSG:   java = 1.8.0_144
************************************************************/
2017-09-25 18:25:24,904 INFO org.apache.hadoop.hdfs.server.namenode.SecondaryNameNode: registered UNIX signal handlers for [TERM, HUP, INT]
2017-09-25 18:25:25,977 WARN org.apache.hadoop.util.NativeCodeLoader: Unable to load native-hadoop library for your platform... using builtin-java classes where applicable
2017-09-25 18:25:26,178 INFO org.apache.hadoop.metrics2.impl.MetricsConfig: loaded properties from hadoop-metrics2.properties
2017-09-25 18:25:26,315 INFO org.apache.hadoop.metrics2.impl.MetricsSystemImpl: Scheduled Metric snapshot period at 10 second(s).
2017-09-25 18:25:26,315 INFO org.apache.hadoop.metrics2.impl.MetricsSystemImpl: SecondaryNameNode metrics system started
2017-09-25 18:25:26,555 INFO org.apache.hadoop.hdfs.server.namenode.FSEditLog: Edit logging is async:false
2017-09-25 18:25:26,578 INFO org.apache.hadoop.hdfs.server.common.Storage: Lock on /tmp/hadoop-DarkRobo/dfs/namesecondary/in_use.lock acquired by nodename 1485@dark-robos-mbp.kc.umkc.edu
2017-09-25 18:25:26,587 INFO org.apache.hadoop.hdfs.server.namenode.FSNamesystem: KeyProvider: null
2017-09-25 18:25:26,588 INFO org.apache.hadoop.hdfs.server.namenode.FSNamesystem: fsLock is fair: true
2017-09-25 18:25:26,591 INFO org.apache.hadoop.hdfs.server.namenode.FSNamesystem: Detailed lock hold time metrics enabled: false
2017-09-25 18:25:26,635 INFO org.apache.hadoop.hdfs.server.blockmanagement.DatanodeManager: dfs.block.invalidate.limit=1000
2017-09-25 18:25:26,635 INFO org.apache.hadoop.hdfs.server.blockmanagement.DatanodeManager: dfs.namenode.datanode.registration.ip-hostname-check=true
2017-09-25 18:25:26,637 INFO org.apache.hadoop.hdfs.server.blockmanagement.BlockManager: dfs.namenode.startup.delay.block.deletion.sec is set to 000:00:00:00.000
2017-09-25 18:25:26,638 INFO org.apache.hadoop.hdfs.server.blockmanagement.BlockManager: The block deletion will start around 2017 Sep 25 18:25:26
2017-09-25 18:25:26,640 INFO org.apache.hadoop.util.GSet: Computing capacity for map BlocksMap
2017-09-25 18:25:26,640 INFO org.apache.hadoop.util.GSet: VM type       = 64-bit
2017-09-25 18:25:26,642 INFO org.apache.hadoop.util.GSet: 2.0% max memory 889 MB = 17.8 MB
2017-09-25 18:25:26,642 INFO org.apache.hadoop.util.GSet: capacity      = 2^21 = 2097152 entries
2017-09-25 18:25:26,676 INFO org.apache.hadoop.hdfs.server.blockmanagement.BlockManager: dfs.block.access.token.enable=false
2017-09-25 18:25:26,679 INFO org.apache.hadoop.hdfs.server.blockmanagement.BlockManager: defaultReplication         = 1
2017-09-25 18:25:26,679 INFO org.apache.hadoop.hdfs.server.blockmanagement.BlockManager: maxReplication             = 512
2017-09-25 18:25:26,679 INFO org.apache.hadoop.hdfs.server.blockmanagement.BlockManager: minReplication             = 1
2017-09-25 18:25:26,679 INFO org.apache.hadoop.hdfs.server.blockmanagement.BlockManager: maxReplicationStreams      = 2
2017-09-25 18:25:26,679 INFO org.apache.hadoop.hdfs.server.blockmanagement.BlockManager: replicationRecheckInterval = 3000
2017-09-25 18:25:26,679 INFO org.apache.hadoop.hdfs.server.blockmanagement.BlockManager: encryptDataTransfer        = false
2017-09-25 18:25:26,679 INFO org.apache.hadoop.hdfs.server.blockmanagement.BlockManager: maxNumBlocksToLog          = 1000
2017-09-25 18:25:26,681 INFO org.apache.hadoop.hdfs.server.namenode.FSNamesystem: fsOwner             = DarkRobo (auth:SIMPLE)
2017-09-25 18:25:26,681 INFO org.apache.hadoop.hdfs.server.namenode.FSNamesystem: supergroup          = supergroup
2017-09-25 18:25:26,681 INFO org.apache.hadoop.hdfs.server.namenode.FSNamesystem: isPermissionEnabled = true
2017-09-25 18:25:26,682 INFO org.apache.hadoop.hdfs.server.namenode.FSNamesystem: HA Enabled: false
2017-09-25 18:25:26,685 INFO org.apache.hadoop.hdfs.server.namenode.FSNamesystem: Append Enabled: true
2017-09-25 18:25:26,982 INFO org.apache.hadoop.util.GSet: Computing capacity for map INodeMap
2017-09-25 18:25:26,982 INFO org.apache.hadoop.util.GSet: VM type       = 64-bit
2017-09-25 18:25:26,982 INFO org.apache.hadoop.util.GSet: 1.0% max memory 889 MB = 8.9 MB
2017-09-25 18:25:26,982 INFO org.apache.hadoop.util.GSet: capacity      = 2^20 = 1048576 entries
2017-09-25 18:25:26,984 INFO org.apache.hadoop.hdfs.server.namenode.FSDirectory: ACLs enabled? false
2017-09-25 18:25:26,984 INFO org.apache.hadoop.hdfs.server.namenode.FSDirectory: XAttrs enabled? true
2017-09-25 18:25:26,984 INFO org.apache.hadoop.hdfs.server.namenode.NameNode: Caching file names occurring more than 10 times
2017-09-25 18:25:26,993 INFO org.apache.hadoop.util.GSet: Computing capacity for map cachedBlocks
2017-09-25 18:25:26,993 INFO org.apache.hadoop.util.GSet: VM type       = 64-bit
2017-09-25 18:25:26,993 INFO org.apache.hadoop.util.GSet: 0.25% max memory 889 MB = 2.2 MB
2017-09-25 18:25:26,993 INFO org.apache.hadoop.util.GSet: capacity      = 2^18 = 262144 entries
2017-09-25 18:25:26,995 INFO org.apache.hadoop.hdfs.server.namenode.FSNamesystem: dfs.namenode.safemode.threshold-pct = 0.9990000128746033
2017-09-25 18:25:26,995 INFO org.apache.hadoop.hdfs.server.namenode.FSNamesystem: dfs.namenode.safemode.min.datanodes = 0
2017-09-25 18:25:26,995 INFO org.apache.hadoop.hdfs.server.namenode.FSNamesystem: dfs.namenode.safemode.extension     = 30000
2017-09-25 18:25:27,000 INFO org.apache.hadoop.hdfs.server.namenode.top.metrics.TopMetrics: NNTop conf: dfs.namenode.top.window.num.buckets = 10
2017-09-25 18:25:27,000 INFO org.apache.hadoop.hdfs.server.namenode.top.metrics.TopMetrics: NNTop conf: dfs.namenode.top.num.users = 10
2017-09-25 18:25:27,000 INFO org.apache.hadoop.hdfs.server.namenode.top.metrics.TopMetrics: NNTop conf: dfs.namenode.top.windows.minutes = 1,5,25
2017-09-25 18:25:27,034 INFO org.apache.hadoop.hdfs.server.namenode.SecondaryNameNode: Checkpoint Period   :3600 secs (60 min)
2017-09-25 18:25:27,034 INFO org.apache.hadoop.hdfs.server.namenode.SecondaryNameNode: Log Size Trigger    :1000000 txns
2017-09-25 18:25:27,043 INFO org.apache.hadoop.hdfs.DFSUtil: Starting Web-server for secondary at: http://0.0.0.0:50090
2017-09-25 18:25:27,120 INFO org.mortbay.log: Logging to org.slf4j.impl.Log4jLoggerAdapter(org.mortbay.log) via org.mortbay.log.Slf4jLog
2017-09-25 18:25:27,132 INFO org.apache.hadoop.security.authentication.server.AuthenticationFilter: Unable to initialize FileSignerSecretProvider, falling back to use random secrets.
2017-09-25 18:25:27,139 INFO org.apache.hadoop.http.HttpRequestLog: Http request log for http.requests.secondary is not defined
2017-09-25 18:25:27,146 INFO org.apache.hadoop.http.HttpServer2: Added global filter 'safety' (class=org.apache.hadoop.http.HttpServer2$QuotingInputFilter)
2017-09-25 18:25:27,149 INFO org.apache.hadoop.http.HttpServer2: Added filter static_user_filter (class=org.apache.hadoop.http.lib.StaticUserWebFilter$StaticUserFilter) to context secondary
2017-09-25 18:25:27,149 INFO org.apache.hadoop.http.HttpServer2: Added filter static_user_filter (class=org.apache.hadoop.http.lib.StaticUserWebFilter$StaticUserFilter) to context logs
2017-09-25 18:25:27,150 INFO org.apache.hadoop.http.HttpServer2: Added filter static_user_filter (class=org.apache.hadoop.http.lib.StaticUserWebFilter$StaticUserFilter) to context static
2017-09-25 18:25:27,187 INFO org.apache.hadoop.http.HttpServer2: Jetty bound to port 50090
2017-09-25 18:25:27,187 INFO org.mortbay.log: jetty-6.1.26
2017-09-25 18:25:27,520 INFO org.mortbay.log: Started HttpServer2$SelectChannelConnectorWithSafeStartup@0.0.0.0:50090
2017-09-25 18:25:27,520 INFO org.apache.hadoop.hdfs.server.namenode.SecondaryNameNode: Web server init done
2017-09-25 18:26:28,210 INFO org.apache.hadoop.hdfs.server.namenode.SecondaryNameNode: Image has changed. Downloading updated image from NN.
2017-09-25 18:26:28,479 INFO org.apache.hadoop.hdfs.server.namenode.TransferFsImage: Opening connection to http://localhost:50070/imagetransfer?getimage=1&txid=146&storageInfo=-63:917204981:1505249479256:CID-f6009f65-f832-4528-a71a-5819710a8f94&bootstrapstandby=false
2017-09-25 18:26:28,551 INFO org.apache.hadoop.hdfs.server.namenode.TransferFsImage: Image Transfer timeout configured to 60000 milliseconds
2017-09-25 18:26:28,861 INFO org.apache.hadoop.hdfs.server.namenode.TransferFsImage: Transfer took 0.01s at 600.00 KB/s
2017-09-25 18:26:28,861 INFO org.apache.hadoop.hdfs.server.namenode.TransferFsImage: Downloaded file fsimage.ckpt_0000000000000000146 size 3551 bytes.
2017-09-25 18:26:28,868 INFO org.apache.hadoop.hdfs.server.namenode.TransferFsImage: Opening connection to http://localhost:50070/imagetransfer?getedit=1&startTxId=147&endTxId=148&storageInfo=-63:917204981:1505249479256:CID-f6009f65-f832-4528-a71a-5819710a8f94
2017-09-25 18:26:28,890 INFO org.apache.hadoop.hdfs.server.namenode.TransferFsImage: Transfer took 0.00s at 0.00 KB/s
2017-09-25 18:26:28,890 INFO org.apache.hadoop.hdfs.server.namenode.TransferFsImage: Downloaded file edits_tmp_0000000000000000147-0000000000000000148_0000000000003827814 size 0 bytes.
2017-09-25 18:26:28,969 INFO org.apache.hadoop.hdfs.server.namenode.FSImageFormatPBINode: Loading 47 INodes.
2017-09-25 18:26:29,028 INFO org.apache.hadoop.hdfs.server.namenode.FSImageFormatProtobuf: Loaded FSImage in 0 seconds.
2017-09-25 18:26:29,028 INFO org.apache.hadoop.hdfs.server.namenode.FSImage: Loaded image for txid 146 from /tmp/hadoop-DarkRobo/dfs/namesecondary/current/fsimage_0000000000000000146
2017-09-25 18:26:29,029 INFO org.apache.hadoop.hdfs.server.namenode.NameCache: initialized with 0 entries 0 lookups
2017-09-25 18:26:29,041 INFO org.apache.hadoop.hdfs.server.namenode.Checkpointer: Checkpointer about to load edits from 1 stream(s).
2017-09-25 18:26:29,047 INFO org.apache.hadoop.hdfs.server.namenode.FSImage: Reading /tmp/hadoop-DarkRobo/dfs/namesecondary/current/edits_0000000000000000147-0000000000000000148 expecting start txid #147
2017-09-25 18:26:29,047 INFO org.apache.hadoop.hdfs.server.namenode.FSImage: Start loading edits file /tmp/hadoop-DarkRobo/dfs/namesecondary/current/edits_0000000000000000147-0000000000000000148
2017-09-25 18:26:29,070 INFO org.apache.hadoop.hdfs.server.namenode.FSImage: Edits file /tmp/hadoop-DarkRobo/dfs/namesecondary/current/edits_0000000000000000147-0000000000000000148 of size 42 edits # 2 loaded in 0 seconds
2017-09-25 18:26:29,075 INFO org.apache.hadoop.hdfs.server.namenode.FSImageFormatProtobuf: Saving image file /tmp/hadoop-DarkRobo/dfs/namesecondary/current/fsimage.ckpt_0000000000000000148 using no compression
2017-09-25 18:26:29,129 INFO org.apache.hadoop.hdfs.server.namenode.FSImageFormatProtobuf: Image file /tmp/hadoop-DarkRobo/dfs/namesecondary/current/fsimage.ckpt_0000000000000000148 of size 3551 bytes saved in 0 seconds.
2017-09-25 18:26:29,133 INFO org.apache.hadoop.hdfs.server.namenode.FSImageTransactionalStorageInspector: No version file in /tmp/hadoop-DarkRobo/dfs/namesecondary
2017-09-25 18:26:29,139 INFO org.apache.hadoop.hdfs.server.namenode.FSImageTransactionalStorageInspector: No version file in /tmp/hadoop-DarkRobo/dfs/namesecondary
2017-09-25 18:26:29,250 INFO org.apache.hadoop.hdfs.server.namenode.TransferFsImage: Uploaded image with txid 148 to namenode at http://localhost:50070 in 0.109 seconds
2017-09-25 18:26:29,250 WARN org.apache.hadoop.hdfs.server.namenode.SecondaryNameNode: Checkpoint done. New Image Size: 3551
2017-09-25 18:27:05,845 ERROR org.apache.hadoop.hdfs.server.namenode.SecondaryNameNode: RECEIVED SIGNAL 15: SIGTERM
2017-09-25 18:27:05,848 INFO org.apache.hadoop.hdfs.server.namenode.SecondaryNameNode: SHUTDOWN_MSG: 
/************************************************************
SHUTDOWN_MSG: Shutting down SecondaryNameNode at dark-robos-mbp.kc.umkc.edu/10.111.1.74
************************************************************/
